<?xml version="1.0" encoding="UTF-8"?>
<testsuite name="io.prometheus.jmx.JmxCollectorTest" time="3.003" tests="28" errors="0" skipped="0" failures="0">
  <properties>
    <property name="java.runtime.name" value="Java(TM) SE Runtime Environment"/>
    <property name="sun.boot.library.path" value="C:\Program Files\Java\jdk1.8.0_144\jre\bin"/>
    <property name="java.vm.version" value="25.144-b01"/>
    <property name="java.vm.vendor" value="Oracle Corporation"/>
    <property name="java.vendor.url" value="http://java.oracle.com/"/>
    <property name="path.separator" value=";"/>
    <property name="guice.disable.misplaced.annotation.check" value="true"/>
    <property name="java.vm.name" value="Java HotSpot(TM) 64-Bit Server VM"/>
    <property name="file.encoding.pkg" value="sun.io"/>
    <property name="user.script" value=""/>
    <property name="user.country" value="US"/>
    <property name="sun.java.launcher" value="SUN_STANDARD"/>
    <property name="sun.os.patch.level" value=""/>
    <property name="java.vm.specification.name" value="Java Virtual Machine Specification"/>
    <property name="user.dir" value="C:\Programs\jmx_exporter-master\collector"/>
    <property name="java.runtime.version" value="1.8.0_144-b01"/>
    <property name="java.awt.graphicsenv" value="sun.awt.Win32GraphicsEnvironment"/>
    <property name="java.endorsed.dirs" value="C:\Program Files\Java\jdk1.8.0_144\jre\lib\endorsed"/>
    <property name="os.arch" value="amd64"/>
    <property name="java.io.tmpdir" value="C:\Users\monyo\AppData\Local\Temp\"/>
    <property name="line.separator" value="&#10;"/>
    <property name="java.vm.specification.vendor" value="Oracle Corporation"/>
    <property name="user.variant" value=""/>
    <property name="os.name" value="Windows 10"/>
    <property name="maven.ext.class.path" value="C:\Program Files\NetBeans 8.2\java\maven-nblib\netbeans-eventspy.jar"/>
    <property name="classworlds.conf" value="C:\Program Files\NetBeans 8.2\java\maven\bin\m2.conf"/>
    <property name="sun.jnu.encoding" value="Cp1252"/>
    <property name="java.library.path" value="C:\Program Files\Java\jdk1.8.0_144\bin;C:\windows\Sun\Java\bin;C:\windows\system32;C:\windows;C:\Program Files\Docker\Docker\Resources\bin;C:\ProgramData\Oracle\Java\javapath;C:\windows\system32;C:\windows;C:\windows\System32\Wbem;C:\windows\System32\WindowsPowerShell\v1.0\;C:\Program Files (x86)\Skype\Phone\;C:\Program Files (x86)\Microsoft SQL Server\Client SDK\ODBC\130\Tools\Binn\;C:\Program Files (x86)\Microsoft SQL Server\140\Tools\Binn\;C:\Program Files (x86)\Microsoft SQL Server\140\DTS\Binn\;C:\Program Files (x86)\Microsoft SQL Server\140\Tools\Binn\ManagementStudio\;C:\Users\monyo\go;C:\Programs\Go\bin;&quot;C:\Program Files\Java\jdk1.8.0_144\bin&quot;;;C:\Program Files\Microsoft VS Code\bin;."/>
    <property name="java.specification.name" value="Java Platform API Specification"/>
    <property name="java.class.version" value="52.0"/>
    <property name="sun.management.compiler" value="HotSpot 64-Bit Tiered Compilers"/>
    <property name="os.version" value="10.0"/>
    <property name="user.home" value="C:\Users\monyo"/>
    <property name="user.timezone" value="Africa/Harare"/>
    <property name="java.awt.printerjob" value="sun.awt.windows.WPrinterJob"/>
    <property name="java.specification.version" value="1.8"/>
    <property name="file.encoding" value="UTF-8"/>
    <property name="java.net.useSystemProxies" value="true"/>
    <property name="user.name" value="Monyo"/>
    <property name="java.class.path" value="C:\Program Files\NetBeans 8.2\java\maven\boot\plexus-classworlds-2.4.jar"/>
    <property name="java.vm.specification.version" value="1.8"/>
    <property name="sun.arch.data.model" value="64"/>
    <property name="java.home" value="C:\Program Files\Java\jdk1.8.0_144\jre"/>
    <property name="sun.java.command" value="org.codehaus.plexus.classworlds.launcher.Launcher -Dmaven.ext.class.path=C:\Program Files\NetBeans 8.2\java\maven-nblib\netbeans-eventspy.jar -Dfile.encoding=UTF-8 -Djava.net.useSystemProxies=true install"/>
    <property name="java.specification.vendor" value="Oracle Corporation"/>
    <property name="user.language" value="en"/>
    <property name="awt.toolkit" value="sun.awt.windows.WToolkit"/>
    <property name="java.vm.info" value="mixed mode"/>
    <property name="java.version" value="1.8.0_144"/>
    <property name="java.ext.dirs" value="C:\Program Files\Java\jdk1.8.0_144\jre\lib\ext;C:\windows\Sun\Java\lib\ext"/>
    <property name="sun.boot.class.path" value="C:\Program Files\Java\jdk1.8.0_144\jre\lib\resources.jar;C:\Program Files\Java\jdk1.8.0_144\jre\lib\rt.jar;C:\Program Files\Java\jdk1.8.0_144\jre\lib\sunrsasign.jar;C:\Program Files\Java\jdk1.8.0_144\jre\lib\jsse.jar;C:\Program Files\Java\jdk1.8.0_144\jre\lib\jce.jar;C:\Program Files\Java\jdk1.8.0_144\jre\lib\charsets.jar;C:\Program Files\Java\jdk1.8.0_144\jre\lib\jfr.jar;C:\Program Files\Java\jdk1.8.0_144\jre\classes"/>
    <property name="java.vendor" value="Oracle Corporation"/>
    <property name="maven.home" value="C:\Program Files\NetBeans 8.2\java\maven"/>
    <property name="file.separator" value="\"/>
    <property name="java.vendor.url.bug" value="http://bugreport.sun.com/bugreport/"/>
    <property name="sun.cpu.endian" value="little"/>
    <property name="sun.io.unicode.encoding" value="UnicodeLittle"/>
    <property name="sun.desktop" value="windows"/>
    <property name="sun.cpu.isalist" value="amd64"/>
  </properties>
  <testcase name="testValueFactorEmpty" classname="io.prometheus.jmx.JmxCollectorTest" time="0.375"/>
  <testcase name="testValueStatic" classname="io.prometheus.jmx.JmxCollectorTest" time="0.031"/>
  <testcase name="testValueCaptureGroup" classname="io.prometheus.jmx.JmxCollectorTest" time="0.031"/>
  <testcase name="testRulesMustHavePatternWithName" classname="io.prometheus.jmx.JmxCollectorTest" time="0.016"/>
  <testcase name="testValueIgnoreNonNumber" classname="io.prometheus.jmx.JmxCollectorTest" time="0.016"/>
  <testcase name="testDelayedStartNotReady" classname="io.prometheus.jmx.JmxCollectorTest" time="0"/>
  <testcase name="testWhitelist" classname="io.prometheus.jmx.JmxCollectorTest" time="0.062"/>
  <testcase name="testHelpFromPattern" classname="io.prometheus.jmx.JmxCollectorTest" time="0.016"/>
  <testcase name="testNameAndLabelsFromPattern" classname="io.prometheus.jmx.JmxCollectorTest" time="0.015"/>
  <testcase name="stopsOnEmptyName" classname="io.prometheus.jmx.JmxCollectorTest" time="0.016"/>
  <testcase name="testNameAndLabelSanatized" classname="io.prometheus.jmx.JmxCollectorTest" time="0.015"/>
  <testcase name="testBooleanValues" classname="io.prometheus.jmx.JmxCollectorTest" time="0.031"/>
  <testcase name="testLabelsAreSet" classname="io.prometheus.jmx.JmxCollectorTest" time="0.016"/>
  <testcase name="testSnakeCaseAttrName" classname="io.prometheus.jmx.JmxCollectorTest" time="0.031"/>
  <testcase name="testRulesMustHaveNameWithLabels" classname="io.prometheus.jmx.JmxCollectorTest" time="0"/>
  <testcase name="testLowercaseOutputLabelNames" classname="io.prometheus.jmx.JmxCollectorTest" time="0.016"/>
  <testcase name="defaultExportTest" classname="io.prometheus.jmx.JmxCollectorTest" time="0.062"/>
  <testcase name="testRulesMustHaveNameWithHelp" classname="io.prometheus.jmx.JmxCollectorTest" time="0"/>
  <testcase name="testDefaultExportLowercaseOutputName" classname="io.prometheus.jmx.JmxCollectorTest" time="0.016"/>
  <testcase name="testServletRequestPattern" classname="io.prometheus.jmx.JmxCollectorTest" time="0.016"/>
  <testcase name="testNameIsReplacedOnMatch" classname="io.prometheus.jmx.JmxCollectorTest" time="0.031"/>
  <testcase name="testLowercaseOutputName" classname="io.prometheus.jmx.JmxCollectorTest" time="0.016"/>
  <testcase name="stopsOnFirstMatchingRule" classname="io.prometheus.jmx.JmxCollectorTest" time="0.031"/>
  <testcase name="testValueEmpty" classname="io.prometheus.jmx.JmxCollectorTest" time="0.015"/>
  <testcase name="testEmptyLabelsAreIgnored" classname="io.prometheus.jmx.JmxCollectorTest" time="0.016"/>
  <testcase name="testValueFactor" classname="io.prometheus.jmx.JmxCollectorTest" time="0.031"/>
  <testcase name="testBlacklist" classname="io.prometheus.jmx.JmxCollectorTest" time="0.047"/>
  <testcase name="testDelayedStartReady" classname="io.prometheus.jmx.JmxCollectorTest" time="2.035"/>
</testsuite>